build/app/intermediates/manifest_merge_blame_file/release/manifest-merger-blame-release-report.txt
1<?xml version="1.0" encoding="utf-8"?>
2<manifest xmlns:android="http://schemas.android.com/apk/res/android"
3    package="rushilmakkar.ngouser"
4    android:versionCode="1"
5    android:versionName="1.0.0" >
6
7    <uses-sdk
8        android:minSdkVersion="21"
8-->src\main\AndroidManifest.xml
9        android:targetSdkVersion="29" />
9-->src\main\AndroidManifest.xml
10    <!--
11         io.flutter.app.FlutterApplication is an android.app.Application that
12         calls FlutterMain.startInitialization(this); in its onCreate method.
13         In most cases you can leave this as-is, but you if you want to provide
14         additional functionality it is fine to subclass or reimplement
15         FlutterApplication and put your custom class here.
16    -->
17    <uses-permission android:name="android.permission.INTERNET" />
17-->src\main\AndroidManifest.xml:8:5-66
17-->src\main\AndroidManifest.xml:8:22-64
18    <!-- Although the *SdkVersion is captured in gradle build files, this is required for non gradle builds -->
19    <!-- <uses-sdk android:minSdkVersion="14" /> -->
20    <uses-permission android:name="android.permission.ACCESS_NETWORK_STATE" />
20-->[com.google.firebase:firebase-firestore:21.4.2] AndroidManifest.xml:13:5-79
20-->[com.google.firebase:firebase-firestore:21.4.2] AndroidManifest.xml:13:22-76
21    <uses-permission android:name="android.permission.ACCESS_COARSE_LOCATION" />
21-->[:location] AndroidManifest.xml:7:5-81
21-->[:location] AndroidManifest.xml:7:22-78
22    <uses-permission android:name="android.permission.ACCESS_FINE_LOCATION" />
22-->[:location] AndroidManifest.xml:8:5-79
22-->[:location] AndroidManifest.xml:8:22-76
23    <uses-permission android:name="android.permission.CAMERA" />
23-->[:camera] AndroidManifest.xml:7:5-65
23-->[:camera] AndroidManifest.xml:7:22-62
24    <uses-permission android:name="android.permission.RECORD_AUDIO" />
24-->[:camera] AndroidManifest.xml:8:5-71
24-->[:camera] AndroidManifest.xml:8:22-68
25    <uses-permission android:name="android.permission.WAKE_LOCK" /> <!-- Required by older versions of Google Play services to create IID tokens -->
25-->[com.google.android.gms:play-services-measurement-api:17.3.0] AndroidManifest.xml:24:5-68
25-->[com.google.android.gms:play-services-measurement-api:17.3.0] AndroidManifest.xml:24:22-65
26    <uses-permission android:name="com.google.android.c2dm.permission.RECEIVE" />
26-->[com.google.firebase:firebase-iid:20.0.2] AndroidManifest.xml:26:5-82
26-->[com.google.firebase:firebase-iid:20.0.2] AndroidManifest.xml:26:22-79
27
28    <uses-feature
28-->[com.google.android.gms:play-services-maps:17.0.0] AndroidManifest.xml:26:5-28:35
29        android:glEsVersion="0x00020000"
29-->[com.google.android.gms:play-services-maps:17.0.0] AndroidManifest.xml:27:9-41
30        android:required="true" />
30-->[com.google.android.gms:play-services-maps:17.0.0] AndroidManifest.xml:28:9-32
31
32    <uses-permission android:name="com.google.android.finsky.permission.BIND_GET_INSTALL_REFERRER_SERVICE" />
32-->[com.google.android.gms:play-services-measurement:17.3.0] AndroidManifest.xml:26:5-110
32-->[com.google.android.gms:play-services-measurement:17.3.0] AndroidManifest.xml:26:22-107
33
34    <application
34-->src\main\AndroidManifest.xml:9:5-37:19
35        android:name="io.flutter.app.FlutterApplication"
35-->src\main\AndroidManifest.xml:10:9-57
36        android:appComponentFactory="androidx.core.app.CoreComponentFactory"
36-->[androidx.core:core:1.0.0] AndroidManifest.xml:22:18-86
37        android:icon="@mipmap/ic_launcher"
37-->src\main\AndroidManifest.xml:12:9-43
38        android:label="Sanjeevani" >
38-->src\main\AndroidManifest.xml:11:9-35
39        <meta-data
39-->src\main\AndroidManifest.xml:13:10-15:66
40            android:name="com.google.android.geo.API_KEY"
40-->src\main\AndroidManifest.xml:14:9-54
41            android:value="AIzaSyChV93H48uycfk5ZI-TQD0FyEPRI2DnDRw" />
41-->src\main\AndroidManifest.xml:15:9-64
42
43        <activity
43-->src\main\AndroidManifest.xml:17:9-31:20
44            android:name="rushilmakkar.ngouser.MainActivity"
44-->src\main\AndroidManifest.xml:18:13-41
45            android:configChanges="orientation|keyboardHidden|keyboard|screenSize|smallestScreenSize|locale|layoutDirection|fontScale|screenLayout|density|uiMode"
45-->src\main\AndroidManifest.xml:21:13-163
46            android:hardwareAccelerated="true"
46-->src\main\AndroidManifest.xml:22:13-47
47            android:launchMode="singleTop"
47-->src\main\AndroidManifest.xml:19:13-43
48            android:theme="@style/LaunchTheme"
48-->src\main\AndroidManifest.xml:20:13-47
49            android:windowSoftInputMode="adjustResize" >
49-->src\main\AndroidManifest.xml:23:13-55
50            <intent-filter>
50-->src\main\AndroidManifest.xml:25:13-28:29
51                <action android:name="android.intent.action.MAIN" />
51-->src\main\AndroidManifest.xml:26:17-68
51-->src\main\AndroidManifest.xml:26:25-66
52
53                <category android:name="android.intent.category.LAUNCHER" />
53-->src\main\AndroidManifest.xml:27:17-76
53-->src\main\AndroidManifest.xml:27:27-74
54            </intent-filter>
55        </activity>
56        <!--
57             Don't delete the meta-data below.
58             This is used by the Flutter tool to generate GeneratedPluginRegistrant.java
59        -->
60        <meta-data
60-->src\main\AndroidManifest.xml:34:9-36:33
61            android:name="flutterEmbedding"
61-->src\main\AndroidManifest.xml:35:13-44
62            android:value="2" />
62-->src\main\AndroidManifest.xml:36:13-30
63
64        <service
64-->[:cloud_firestore] AndroidManifest.xml:8:9-12:19
65            android:name="com.google.firebase.components.ComponentDiscoveryService"
65-->[:cloud_firestore] AndroidManifest.xml:8:18-89
66            android:directBootAware="true"
66-->[com.google.firebase:firebase-common:19.3.0] AndroidManifest.xml:34:13-43
67            android:exported="false" >
67-->[com.google.firebase:firebase-firestore:21.4.2] AndroidManifest.xml:19:13-37
68            <meta-data
68-->[:cloud_firestore] AndroidManifest.xml:9:13-11:85
69                android:name="com.google.firebase.components:io.flutter.plugins.firebase.cloudfirestore.FlutterFirebaseAppRegistrar"
69-->[:cloud_firestore] AndroidManifest.xml:10:17-133
70                android:value="com.google.firebase.components.ComponentRegistrar" />
70-->[:cloud_firestore] AndroidManifest.xml:11:17-82
71            <meta-data
71-->[com.google.firebase:firebase-firestore:21.4.2] AndroidManifest.xml:20:13-22:85
72                android:name="com.google.firebase.components:com.google.firebase.firestore.FirestoreRegistrar"
72-->[com.google.firebase:firebase-firestore:21.4.2] AndroidManifest.xml:21:17-111
73                android:value="com.google.firebase.components.ComponentRegistrar" />
73-->[com.google.firebase:firebase-firestore:21.4.2] AndroidManifest.xml:22:17-82
74            <meta-data
74-->[:firebase_auth] AndroidManifest.xml:9:13-11:85
75                android:name="com.google.firebase.components:io.flutter.plugins.firebaseauth.FlutterFirebaseAppRegistrar"
75-->[:firebase_auth] AndroidManifest.xml:10:17-122
76                android:value="com.google.firebase.components.ComponentRegistrar" />
76-->[:firebase_auth] AndroidManifest.xml:11:17-82
77            <meta-data
77-->[:firebase_storage] AndroidManifest.xml:9:13-11:85
78                android:name="com.google.firebase.components:io.flutter.plugins.firebase.storage.FlutterFirebaseAppRegistrar"
78-->[:firebase_storage] AndroidManifest.xml:10:17-126
79                android:value="com.google.firebase.components.ComponentRegistrar" />
79-->[:firebase_storage] AndroidManifest.xml:11:17-82
80            <meta-data
80-->[:firebase_core] AndroidManifest.xml:9:13-11:85
81                android:name="com.google.firebase.components:io.flutter.plugins.firebase.core.FlutterFirebaseAppRegistrar"
81-->[:firebase_core] AndroidManifest.xml:10:17-123
82                android:value="com.google.firebase.components.ComponentRegistrar" />
82-->[:firebase_core] AndroidManifest.xml:11:17-82
83            <meta-data
83-->[com.google.firebase:firebase-auth:19.2.0] AndroidManifest.xml:36:13-38:85
84                android:name="com.google.firebase.components:com.google.firebase.auth.FirebaseAuthRegistrar"
84-->[com.google.firebase:firebase-auth:19.2.0] AndroidManifest.xml:37:17-109
85                android:value="com.google.firebase.components.ComponentRegistrar" />
85-->[com.google.firebase:firebase-auth:19.2.0] AndroidManifest.xml:38:17-82
86            <meta-data
86-->[com.google.firebase:firebase-storage:17.0.0] AndroidManifest.xml:31:13-33:85
87                android:name="com.google.firebase.components:com.google.firebase.storage.StorageRegistrar"
87-->[com.google.firebase:firebase-storage:17.0.0] AndroidManifest.xml:32:17-107
88                android:value="com.google.firebase.components.ComponentRegistrar" />
88-->[com.google.firebase:firebase-storage:17.0.0] AndroidManifest.xml:33:17-82
89            <meta-data
89-->[com.google.android.gms:play-services-measurement-api:17.3.0] AndroidManifest.xml:30:13-32:85
90                android:name="com.google.firebase.components:com.google.firebase.analytics.connector.internal.AnalyticsConnectorRegistrar"
90-->[com.google.android.gms:play-services-measurement-api:17.3.0] AndroidManifest.xml:31:17-139
91                android:value="com.google.firebase.components.ComponentRegistrar" />
91-->[com.google.android.gms:play-services-measurement-api:17.3.0] AndroidManifest.xml:32:17-82
92            <meta-data
92-->[com.google.firebase:firebase-iid:20.0.2] AndroidManifest.xml:32:13-34:85
93                android:name="com.google.firebase.components:com.google.firebase.iid.Registrar"
93-->[com.google.firebase:firebase-iid:20.0.2] AndroidManifest.xml:33:17-96
94                android:value="com.google.firebase.components.ComponentRegistrar" />
94-->[com.google.firebase:firebase-iid:20.0.2] AndroidManifest.xml:34:17-82
95        </service>
96
97        <activity
97-->[:url_launcher] AndroidManifest.xml:8:9-11:74
98            android:name="io.flutter.plugins.urllauncher.WebViewActivity"
98-->[:url_launcher] AndroidManifest.xml:9:13-74
99            android:exported="false"
99-->[:url_launcher] AndroidManifest.xml:10:13-37
100            android:theme="@android:style/Theme.NoTitleBar.Fullscreen" />
100-->[:url_launcher] AndroidManifest.xml:11:13-71
101        <activity
101-->[com.google.firebase:firebase-auth:19.2.0] AndroidManifest.xml:24:9-31:50
102            android:name="com.google.firebase.auth.internal.FederatedSignInActivity"
102-->[com.google.firebase:firebase-auth:19.2.0] AndroidManifest.xml:25:13-85
103            android:excludeFromRecents="true"
103-->[com.google.firebase:firebase-auth:19.2.0] AndroidManifest.xml:26:13-46
104            android:exported="true"
104-->[com.google.firebase:firebase-auth:19.2.0] AndroidManifest.xml:27:13-36
105            android:launchMode="singleTask"
105-->[com.google.firebase:firebase-auth:19.2.0] AndroidManifest.xml:28:13-44
106            android:permission="com.google.firebase.auth.api.gms.permission.LAUNCH_FEDERATED_SIGN_IN"
106-->[com.google.firebase:firebase-auth:19.2.0] AndroidManifest.xml:29:13-102
107            android:theme="@android:style/Theme.Translucent.NoTitleBar" />
107-->[com.google.firebase:firebase-auth:19.2.0] AndroidManifest.xml:30:13-72
108
109        <receiver
109-->[com.google.firebase:firebase-iid:20.0.2] AndroidManifest.xml:37:9-44:20
110            android:name="com.google.firebase.iid.FirebaseInstanceIdReceiver"
110-->[com.google.firebase:firebase-iid:20.0.2] AndroidManifest.xml:38:13-78
111            android:exported="true"
111-->[com.google.firebase:firebase-iid:20.0.2] AndroidManifest.xml:39:13-36
112            android:permission="com.google.android.c2dm.permission.SEND" >
112-->[com.google.firebase:firebase-iid:20.0.2] AndroidManifest.xml:40:13-73
113            <intent-filter>
113-->[com.google.firebase:firebase-iid:20.0.2] AndroidManifest.xml:41:13-43:29
114                <action android:name="com.google.android.c2dm.intent.RECEIVE" />
114-->[com.google.firebase:firebase-iid:20.0.2] AndroidManifest.xml:42:17-81
114-->[com.google.firebase:firebase-iid:20.0.2] AndroidManifest.xml:42:25-78
115            </intent-filter>
116        </receiver>
117
118        <provider
118-->[com.google.firebase:firebase-common:19.3.0] AndroidManifest.xml:26:9-30:39
119            android:name="com.google.firebase.provider.FirebaseInitProvider"
119-->[com.google.firebase:firebase-common:19.3.0] AndroidManifest.xml:27:13-77
120            android:authorities="rushilmakkar.ngouser.firebaseinitprovider"
120-->[com.google.firebase:firebase-common:19.3.0] AndroidManifest.xml:28:13-72
121            android:exported="false"
121-->[com.google.firebase:firebase-common:19.3.0] AndroidManifest.xml:29:13-37
122            android:initOrder="100" /> <!-- Needs to be explicitly declared on P+ -->
122-->[com.google.firebase:firebase-common:19.3.0] AndroidManifest.xml:30:13-36
123        <uses-library
123-->[com.google.android.gms:play-services-maps:17.0.0] AndroidManifest.xml:33:9-35:40
124            android:name="org.apache.http.legacy"
124-->[com.google.android.gms:play-services-maps:17.0.0] AndroidManifest.xml:34:13-50
125            android:required="false" />
125-->[com.google.android.gms:play-services-maps:17.0.0] AndroidManifest.xml:35:13-37
126
127        <activity
127-->[com.google.android.gms:play-services-base:17.1.0] AndroidManifest.xml:23:9-26:75
128            android:name="com.google.android.gms.common.api.GoogleApiActivity"
128-->[com.google.android.gms:play-services-base:17.1.0] AndroidManifest.xml:24:13-79
129            android:exported="false"
129-->[com.google.android.gms:play-services-base:17.1.0] AndroidManifest.xml:25:13-37
130            android:theme="@android:style/Theme.Translucent.NoTitleBar" />
130-->[com.google.android.gms:play-services-base:17.1.0] AndroidManifest.xml:26:13-72
131
132        <receiver
132-->[com.google.android.gms:play-services-measurement:17.3.0] AndroidManifest.xml:29:9-33:20
133            android:name="com.google.android.gms.measurement.AppMeasurementReceiver"
133-->[com.google.android.gms:play-services-measurement:17.3.0] AndroidManifest.xml:30:13-85
134            android:enabled="true"
134-->[com.google.android.gms:play-services-measurement:17.3.0] AndroidManifest.xml:31:13-35
135            android:exported="false" >
135-->[com.google.android.gms:play-services-measurement:17.3.0] AndroidManifest.xml:32:13-37
136        </receiver>
137        <receiver
137-->[com.google.android.gms:play-services-measurement:17.3.0] AndroidManifest.xml:34:9-42:20
138            android:name="com.google.android.gms.measurement.AppMeasurementInstallReferrerReceiver"
138-->[com.google.android.gms:play-services-measurement:17.3.0] AndroidManifest.xml:35:13-100
139            android:enabled="true"
139-->[com.google.android.gms:play-services-measurement:17.3.0] AndroidManifest.xml:36:13-35
140            android:exported="true"
140-->[com.google.android.gms:play-services-measurement:17.3.0] AndroidManifest.xml:37:13-36
141            android:permission="android.permission.INSTALL_PACKAGES" >
141-->[com.google.android.gms:play-services-measurement:17.3.0] AndroidManifest.xml:38:13-69
142            <intent-filter>
142-->[com.google.android.gms:play-services-measurement:17.3.0] AndroidManifest.xml:39:13-41:29
143                <action android:name="com.android.vending.INSTALL_REFERRER" />
143-->[com.google.android.gms:play-services-measurement:17.3.0] AndroidManifest.xml:40:17-79
143-->[com.google.android.gms:play-services-measurement:17.3.0] AndroidManifest.xml:40:25-76
144            </intent-filter>
145        </receiver>
146
147        <service
147-->[com.google.android.gms:play-services-measurement:17.3.0] AndroidManifest.xml:44:9-47:40
148            android:name="com.google.android.gms.measurement.AppMeasurementService"
148-->[com.google.android.gms:play-services-measurement:17.3.0] AndroidManifest.xml:45:13-84
149            android:enabled="true"
149-->[com.google.android.gms:play-services-measurement:17.3.0] AndroidManifest.xml:46:13-35
150            android:exported="false" />
150-->[com.google.android.gms:play-services-measurement:17.3.0] AndroidManifest.xml:47:13-37
151        <service
151-->[com.google.android.gms:play-services-measurement:17.3.0] AndroidManifest.xml:48:9-52:72
152            android:name="com.google.android.gms.measurement.AppMeasurementJobService"
152-->[com.google.android.gms:play-services-measurement:17.3.0] AndroidManifest.xml:49:13-87
153            android:enabled="true"
153-->[com.google.android.gms:play-services-measurement:17.3.0] AndroidManifest.xml:50:13-35
154            android:exported="false"
154-->[com.google.android.gms:play-services-measurement:17.3.0] AndroidManifest.xml:51:13-37
155            android:permission="android.permission.BIND_JOB_SERVICE" />
155-->[com.google.android.gms:play-services-measurement:17.3.0] AndroidManifest.xml:52:13-69
156
157        <meta-data
157-->[com.google.android.gms:play-services-basement:17.0.0] AndroidManifest.xml:23:9-25:69
158            android:name="com.google.android.gms.version"
158-->[com.google.android.gms:play-services-basement:17.0.0] AndroidManifest.xml:24:13-58
159            android:value="@integer/google_play_services_version" />
159-->[com.google.android.gms:play-services-basement:17.0.0] AndroidManifest.xml:25:13-66
160    </application>
161
162</manifest>